<?xml version="1.0" encoding="UTF-8"?>
<!-- Generated by org.testng.reporters.JUnitXMLReporter -->
<testsuite hostname="HIBACL131408" ignored="0" name="Test" tests="4" failures="0" timestamp="24 Feb 2021 05:57:18 GMT" time="32.42" errors="0">
  <testcase name="SmokeBatchExecution" time="0.013" classname="com.OrangeHRM.SmokeTestSuite"/>
  <testcase name="DragDrop" time="8.508" classname="com.OrangeHRM.DragandDrop_Example"/>
  <testcase name="EnterCustomerID" time="0.444" classname="com.OrangeHRM.Handling_JavaScriptAlert"/>
  <testcase name="DragDrop" time="5.305" classname="com.OrangeHRM.DoubleClick_Example"/>
</testsuite> <!-- Test -->
