<?xml version="1.0" encoding="UTF-8"?>
<testng-results skipped="0" failed="0" ignored="0" total="2" passed="2">
  <reporter-output>
  </reporter-output>
  <suite name="Default suite" duration-ms="18939" started-at="2021-02-25T04:22:10Z" finished-at="2021-02-25T04:22:29Z">
    <groups>
    </groups>
    <test name="Default test" duration-ms="18939" started-at="2021-02-25T04:22:10Z" finished-at="2021-02-25T04:22:29Z">
      <class name="com.OrangeHRM.OrangeHRM_Login_Keys_Operation">
        <test-method status="PASS" signature="beforeTest()[pri:0, instance:com.OrangeHRM.OrangeHRM_Login_Keys_Operation@475530b9]" name="beforeTest" is-config="true" duration-ms="9697" started-at="2021-02-25T09:52:10Z" finished-at="2021-02-25T09:52:20Z">
          <reporter-output>
          </reporter-output>
        </test-method> <!-- beforeTest -->
        <test-method status="PASS" signature="Login()[pri:0, instance:com.OrangeHRM.OrangeHRM_Login_Keys_Operation@475530b9]" name="Login" duration-ms="4643" started-at="2021-02-25T09:52:20Z" finished-at="2021-02-25T09:52:24Z">
          <reporter-output>
          </reporter-output>
        </test-method> <!-- Login -->
        <test-method status="PASS" signature="Logout()[pri:1, instance:com.OrangeHRM.OrangeHRM_Login_Keys_Operation@475530b9]" name="Logout" duration-ms="3503" started-at="2021-02-25T09:52:24Z" finished-at="2021-02-25T09:52:28Z">
          <reporter-output>
          </reporter-output>
        </test-method> <!-- Logout -->
        <test-method status="PASS" signature="afterTest()[pri:0, instance:com.OrangeHRM.OrangeHRM_Login_Keys_Operation@475530b9]" name="afterTest" is-config="true" duration-ms="1048" started-at="2021-02-25T09:52:28Z" finished-at="2021-02-25T09:52:29Z">
          <reporter-output>
          </reporter-output>
        </test-method> <!-- afterTest -->
      </class> <!-- com.OrangeHRM.OrangeHRM_Login_Keys_Operation -->
    </test> <!-- Default test -->
  </suite> <!-- Default suite -->
</testng-results>
